242.906805 34.116410 0.000000 0.000000 0.000000 9.000000
242.555108 33.274267 0.000000 0.000000 0.000000 10.000000
242.555108 33.274267 0.000000 0.000000 0.000000 10.000000
243.570620 34.594283 0.000000 0.000000 0.000000 10.000000
241.305199 34.824493 0.000000 0.000000 0.000000 10.000000
240.636527 34.015008 0.000000 1.000000 0.000000 6.000000
245.068211 36.319119 0.000000 0.000000 0.000000 8.000000
242.675069 33.341850 0.000000 0.000000 0.000000 10.000000
242.523494 33.381137 0.000000 0.000000 0.000000 8.000000
241.089575 35.201253 0.000000 0.000000 1.000000 4.000000
241.089440 35.201261 0.000000 0.000000 1.000000 4.000000
242.846027 34.468303 1.000000 0.000000 0.000000 7.000000
243.370301 33.540075 1.000000 0.000000 0.000000 11.000000
242.103510 34.126021 0.000000 0.000000 0.000000 10.000000
242.795434 40.412751 0.000000 0.000000 0.000000 10.000000
240.970261 33.480455 0.000000 0.000000 0.000000 5.000000
245.124961 42.605825 0.000000 0.000000 0.000000 5.000000
240.018484 34.582201 0.000000 1.000000 0.000000 5.000000
243.115757 34.264280 0.000000 0.000000 0.000000 5.000000
240.594148 34.920464 0.000000 0.000000 0.000000 9.000000
243.378871 37.039931 0.000000 0.000000 0.000000 8.000000
244.001809 34.000535 0.000000 0.000000 0.000000 8.000000
241.925907 35.878389 1.000000 0.000000 0.000000 4.000000
241.840300 33.967121 0.000000 1.000000 0.000000 6.000000
242.935397 33.578246 0.000000 0.000000 0.000000 10.000000
243.919575 35.287048 0.000000 0.000000 0.000000 10.000000
241.905299 33.962261 0.000000 0.000000 1.000000 4.000000
245.109446 42.613135 1.000000 0.000000 0.000000 1.000000
245.110524 42.611842 1.000000 0.000000 0.000000 2.000000
245.108534 42.616124 0.000000 0.000000 0.000000 7.000000
245.285149 33.610415 0.000000 0.000000 0.000000 7.000000
243.947022 34.251446 0.000000 0.000000 0.000000 7.000000
243.015298 33.962683 0.000000 0.000000 0.000000 6.000000
244.270295 33.364630 0.000000 1.000000 0.000000 6.000000
241.722947 34.184897 0.000000 0.000000 0.000000 10.000000
241.423191 34.682285 1.000000 0.000000 0.000000 4.000000
242.988006 34.918613 0.000000 0.000000 0.000000 10.000000
241.811771 34.292808 0.000000 0.000000 0.000000 10.000000
239.803592 34.612851 1.000000 0.000000 0.000000 12.000000
243.128299 36.917643 0.000000 0.000000 0.000000 8.000000
242.156470 42.779502 0.000000 0.000000 0.000000 8.000000
240.652491 35.157278 0.000000 0.000000 0.000000 10.000000
235.436655 42.836100 0.000000 0.000000 0.000000 10.000000
244.010050 33.655136 0.000000 0.000000 0.000000 8.000000
239.566302 35.939354 0.000000 0.000000 0.000000 8.000000
239.569176 35.888387 0.000000 0.000000 0.000000 8.000000
242.596016 33.455352 1.000000 0.000000 0.000000 11.000000
241.516992 33.445772 0.000000 0.000000 0.000000 10.000000
241.666181 33.311620 0.000000 0.000000 0.000000 6.000000
241.516991 33.445764 0.000000 0.000000 0.000000 10.000000
241.370192 34.138564 0.000000 0.000000 0.000000 10.000000
242.328827 35.565313 0.000000 0.000000 0.000000 10.000000
241.788801 33.876261 0.000000 0.000000 0.000000 5.000000
240.986531 34.806364 0.000000 0.000000 0.000000 10.000000
243.664068 34.829468 0.000000 0.000000 0.000000 10.000000
242.035052 34.243995 0.000000 0.000000 0.000000 10.000000
237.880689 37.724117 0.000000 0.000000 0.000000 10.000000
241.973998 34.333425 0.000000 0.000000 0.000000 10.000000
243.234474 36.746502 0.000000 0.000000 0.000000 8.000000
242.172297 34.640464 0.000000 0.000000 0.000000 8.000000
241.062701 34.109556 0.000000 0.000000 0.000000 10.000000
241.872712 34.136711 0.000000 0.000000 0.000000 10.000000
242.575537 34.271196 0.000000 0.000000 0.000000 9.000000
242.520615 34.313801 0.000000 0.000000 0.000000 9.000000
241.855770 34.530322 0.000000 0.000000 0.000000 10.000000
242.291188 34.109930 0.000000 0.000000 0.000000 10.000000
242.689023 33.135388 1.000000 0.000000 0.000000 11.000000
245.125811 40.558385 0.000000 0.000000 0.000000 8.000000
241.588573 34.353182 1.000000 0.000000 0.000000 10.000000
242.391078 33.857635 1.000000 0.000000 0.000000 11.000000
244.876654 32.863465 0.000000 0.000000 0.000000 10.000000
244.271499 32.850514 0.000000 0.000000 0.000000 10.000000
240.120472 34.414910 0.000000 0.000000 0.000000 10.000000
242.191110 35.982344 1.000000 0.000000 0.000000 1.000000
243.613109 33.732488 0.000000 1.000000 0.000000 6.000000
242.426976 35.071736 0.000000 0.000000 0.000000 10.000000
243.430746 36.807667 0.000000 0.000000 0.000000 8.000000
239.249243 35.791614 0.000000 0.000000 0.000000 10.000000
242.900316 34.039054 0.000000 0.000000 0.000000 10.000000
240.275177 35.242093 0.000000 0.000000 0.000000 10.000000
241.727231 33.823507 0.000000 1.000000 0.000000 10.000000
244.264957 33.069809 0.000000 0.000000 0.000000 10.000000
240.215186 34.029263 1.000000 0.000000 0.000000 11.000000
240.961016 34.168406 0.000000 0.000000 0.000000 10.000000
241.743280 33.861480 0.000000 0.000000 0.000000 10.000000
241.476185 34.253553 0.000000 0.000000 0.000000 10.000000
240.628747 34.408093 0.000000 0.000000 0.000000 6.000000
241.386787 34.516552 0.000000 0.000000 0.000000 10.000000
243.629573 34.124102 0.000000 0.000000 0.000000 8.000000
240.326049 34.942649 0.000000 1.000000 0.000000 6.000000
242.098280 34.082013 0.000000 0.000000 0.000000 10.000000
241.603133 34.334838 0.000000 0.000000 0.000000 8.000000
241.602531 34.333993 0.000000 0.000000 0.000000 10.000000
244.211970 33.389807 0.000000 0.000000 0.000000 10.000000
238.171357 38.468716 1.000000 0.000000 0.000000 2.000000
242.692778 33.430589 1.000000 0.000000 0.000000 12.000000
241.651458 34.023933 1.000000 0.000000 0.000000 7.000000
243.287909 33.733333 1.000000 0.000000 0.000000 11.000000
242.154123 35.267465 0.000000 0.000000 0.000000 10.000000
242.139870 34.413415 0.000000 0.000000 0.000000 10.000000
241.872539 33.938316 0.000000 0.000000 0.000000 5.000000
241.874016 33.937990 0.000000 0.000000 0.000000 5.000000
241.670974 33.886752 0.000000 0.000000 0.000000 5.000000
242.588303 33.647687 0.000000 0.000000 0.000000 10.000000
245.735752 37.915534 1.000000 0.000000 0.000000 11.000000
241.169590 34.946196 0.000000 0.000000 0.000000 10.000000
245.061145 39.345244 0.000000 0.000000 0.000000 9.000000
244.182801 40.914691 0.000000 0.000000 0.000000 9.000000
241.871212 33.583500 0.000000 0.000000 0.000000 9.000000
241.791565 34.029736 1.000000 0.000000 0.000000 1.000000
242.573978 33.649143 0.000000 0.000000 0.000000 10.000000
241.574269 34.703119 0.000000 0.000000 0.000000 10.000000
241.546238 34.599292 1.000000 0.000000 0.000000 4.000000
240.230222 34.450849 1.000000 0.000000 0.000000 11.000000
244.177267 33.116447 1.000000 0.000000 0.000000 11.000000
242.474413 34.104200 0.000000 0.000000 0.000000 10.000000
241.557871 34.066593 0.000000 0.000000 0.000000 10.000000
239.990616 34.733012 0.000000 0.000000 0.000000 10.000000
243.064131 34.093548 0.000000 0.000000 0.000000 10.000000
241.105854 34.409867 0.000000 1.000000 0.000000 7.000000
241.115966 34.356339 0.000000 0.000000 0.000000 5.000000
246.194627 39.369397 0.000000 0.000000 0.000000 9.000000
241.759500 34.733913 0.000000 0.000000 0.000000 10.000000
244.200058 32.944990 0.000000 0.000000 0.000000 6.000000
241.640521 34.080606 0.000000 0.000000 0.000000 10.000000
241.106617 34.800195 0.000000 0.000000 0.000000 10.000000
240.644542 40.416527 0.000000 0.000000 0.000000 8.000000
240.136317 35.189417 0.000000 0.000000 0.000000 10.000000
242.602103 34.203891 0.000000 1.000000 0.000000 8.000000
244.478628 33.274813 0.000000 0.000000 0.000000 8.000000
243.617434 34.291435 0.000000 0.000000 0.000000 8.000000
245.172655 33.051085 0.000000 0.000000 0.000000 8.000000
244.339771 34.783998 0.000000 0.000000 0.000000 8.000000
245.810550 34.308557 0.000000 0.000000 0.000000 8.000000
243.110749 35.425157 0.000000 0.000000 0.000000 11.000000
243.110749 35.425157 0.000000 0.000000 0.000000 8.000000
245.820302 40.640169 0.000000 0.000000 0.000000 8.000000
239.584268 36.399016 0.000000 0.000000 0.000000 10.000000
239.584228 36.399009 0.000000 0.000000 0.000000 10.000000
241.887104 34.047449 0.000000 0.000000 0.000000 10.000000
242.700788 35.011541 0.000000 0.000000 0.000000 10.000000
239.317931 34.469403 0.000000 0.000000 0.000000 10.000000
241.714203 33.783649 0.000000 0.000000 0.000000 10.000000
243.569924 34.754774 0.000000 0.000000 0.000000 10.000000
238.530100 40.815918 0.000000 0.000000 0.000000 10.000000
242.200545 34.759921 1.000000 0.000000 0.000000 8.000000
242.998497 33.708098 0.000000 0.000000 0.000000 10.000000
244.364664 33.705006 0.000000 0.000000 0.000000 10.000000
239.520501 35.866718 0.000000 0.000000 0.000000 10.000000
242.154871 34.458157 0.000000 0.000000 0.000000 10.000000
241.831826 33.924543 0.000000 0.000000 1.000000 2.000000
239.597616 35.880813 0.000000 0.000000 0.000000 10.000000
240.812456 34.441233 0.000000 0.000000 0.000000 10.000000
244.088551 34.727325 0.000000 0.000000 0.000000 10.000000
243.778486 33.796799 0.000000 0.000000 0.000000 5.000000
243.761015 33.767974 0.000000 0.000000 1.000000 2.000000
244.968197 32.706169 0.000000 1.000000 0.000000 7.000000
244.854900 34.157564 0.000000 0.000000 0.000000 8.000000
241.525698 35.662272 0.000000 0.000000 0.000000 8.000000
244.493210 32.829382 0.000000 0.000000 0.000000 6.000000
242.044561 34.449066 0.000000 0.000000 0.000000 6.000000
242.044561 34.449066 1.000000 0.000000 0.000000 1.000000
243.900959 36.458815 0.000000 0.000000 0.000000 9.000000
240.991800 34.398530 0.000000 0.000000 0.000000 10.000000
243.826604 33.925370 0.000000 0.000000 0.000000 10.000000
244.296260 40.850805 1.000000 0.000000 0.000000 11.000000
239.526713 35.899794 1.000000 0.000000 0.000000 11.000000
241.425347 34.181925 1.000000 0.000000 0.000000 11.000000
241.693495 33.927943 0.000000 0.000000 0.000000 6.000000
241.862814 33.832072 0.000000 0.000000 1.000000 4.000000
241.826755 33.791612 1.000000 0.000000 0.000000 4.000000
241.796654 33.787773 1.000000 0.000000 0.000000 4.000000
243.567196 34.267341 1.000000 0.000000 0.000000 4.000000
243.790857 34.699427 1.000000 0.000000 0.000000 4.000000
241.678243 34.134603 1.000000 0.000000 0.000000 4.000000
243.138127 40.403513 1.000000 0.000000 0.000000 12.000000
241.587172 34.095073 1.000000 0.000000 0.000000 12.000000
242.235548 33.640598 1.000000 0.000000 0.000000 11.000000
241.860798 34.662024 1.000000 0.000000 0.000000 11.000000
243.691761 36.745873 0.000000 0.000000 0.000000 8.000000
241.132257 34.807525 1.000000 0.000000 0.000000 9.000000
243.241235 33.236008 0.000000 0.000000 0.000000 6.000000
242.165043 34.485460 0.000000 0.000000 0.000000 8.000000
242.162067 34.585977 0.000000 0.000000 1.000000 1.000000
242.608715 33.744202 0.000000 0.000000 0.000000 10.000000
242.554928 33.817401 0.000000 0.000000 0.000000 10.000000
243.060347 35.090203 0.000000 0.000000 0.000000 10.000000
239.553418 34.690923 0.000000 0.000000 0.000000 10.000000
241.996587 34.111902 1.000000 0.000000 0.000000 4.000000
242.245928 34.133329 0.000000 0.000000 0.000000 10.000000
239.405713 35.828713 0.000000 0.000000 0.000000 10.000000
242.453635 34.314865 0.000000 0.000000 0.000000 9.000000
242.043277 34.026772 1.000000 0.000000 0.000000 1.000000
241.970011 34.527061 0.000000 0.000000 0.000000 10.000000
240.896312 34.733608 0.000000 0.000000 0.000000 9.000000
239.556938 35.832600 0.000000 0.000000 0.000000 9.000000
242.563299 33.856763 0.000000 0.000000 0.000000 10.000000
238.778399 42.418342 0.000000 0.000000 0.000000 10.000000
239.241397 36.186905 0.000000 0.000000 0.000000 10.000000
239.233151 36.180527 0.000000 0.000000 0.000000 10.000000
244.020984 36.632512 0.000000 0.000000 0.000000 9.000000
241.755865 33.939057 0.000000 1.000000 0.000000 5.000000
239.541169 35.921914 1.000000 0.000000 0.000000 4.000000
245.105793 42.614263 1.000000 0.000000 0.000000 4.000000
239.648606 34.038262 0.000000 0.000000 0.000000 5.000000
241.873742 34.136834 0.000000 0.000000 0.000000 10.000000
243.904487 40.148366 0.000000 0.000000 0.000000 9.000000
242.682040 33.918406 0.000000 0.000000 0.000000 10.000000
239.565947 35.969473 0.000000 0.000000 0.000000 10.000000
244.587886 40.710683 0.000000 0.000000 0.000000 9.000000
241.121981 34.295514 0.000000 0.000000 0.000000 10.000000
242.118310 34.175232 0.000000 0.000000 0.000000 10.000000
243.352040 34.038503 0.000000 0.000000 0.000000 9.000000
242.789873 34.230846 0.000000 0.000000 0.000000 9.000000
241.754496 34.055221 0.000000 0.000000 0.000000 10.000000
243.352772 33.199165 1.000000 0.000000 0.000000 2.000000
240.690648 37.169942 1.000000 0.000000 0.000000 3.000000
243.851828 34.508622 0.000000 0.000000 0.000000 8.000000
245.381370 34.767688 0.000000 0.000000 0.000000 6.000000
242.491063 39.685617 0.000000 0.000000 0.000000 10.000000
240.858738 34.498660 0.000000 0.000000 0.000000 10.000000
242.430417 33.919711 1.000000 0.000000 0.000000 4.000000
241.651986 33.979739 1.000000 0.000000 0.000000 9.000000
245.103897 42.614500 0.000000 0.000000 0.000000 9.000000
243.932263 34.141006 0.000000 0.000000 0.000000 9.000000
242.653264 33.240669 0.000000 0.000000 0.000000 10.000000
244.081943 34.369883 0.000000 0.000000 0.000000 10.000000
243.694543 34.427717 0.000000 0.000000 0.000000 10.000000
243.916628 34.367130 1.000000 0.000000 0.000000 4.000000
243.850516 34.430083 1.000000 0.000000 0.000000 4.000000
243.707720 34.533032 0.000000 0.000000 0.000000 10.000000
239.721439 34.739063 0.000000 1.000000 0.000000 6.000000
243.184907 34.674905 0.000000 0.000000 0.000000 8.000000
240.858050 34.327362 1.000000 0.000000 0.000000 3.000000
241.792683 34.128814 0.000000 0.000000 0.000000 10.000000
240.646590 34.683373 0.000000 0.000000 0.000000 10.000000
242.813469 39.521139 0.000000 0.000000 0.000000 9.000000
245.995048 32.722545 0.000000 0.000000 0.000000 8.000000
244.721372 39.910172 0.000000 0.000000 0.000000 10.000000
245.543088 36.154188 0.000000 0.000000 0.000000 10.000000
245.180287 41.724201 0.000000 0.000000 0.000000 9.000000
246.268657 34.667263 1.000000 0.000000 0.000000 11.000000
242.670006 41.428742 0.000000 0.000000 0.000000 8.000000
240.064489 41.275897 1.000000 0.000000 0.000000 12.000000
242.935442 42.981707 0.000000 0.000000 0.000000 8.000000
240.937129 36.027439 0.000000 1.000000 0.000000 5.000000
235.924631 40.876307 0.000000 0.000000 0.000000 5.000000
236.273800 38.928349 0.000000 0.000000 0.000000 8.000000
237.585115 40.997633 0.000000 0.000000 0.000000 10.000000
235.985985 42.967379 0.000000 0.000000 0.000000 8.000000
243.830210 32.616527 0.000000 0.000000 0.000000 8.000000
238.997037 35.551756 0.000000 0.000000 0.000000 10.000000
242.015211 39.305644 0.000000 0.000000 0.000000 10.000000
242.395105 39.287941 0.000000 0.000000 0.000000 8.000000
242.598819 39.346548 1.000000 0.000000 0.000000 11.000000
243.259103 39.521456 1.000000 0.000000 0.000000 11.000000
243.575529 39.500525 0.000000 0.000000 0.000000 8.000000
243.950402 39.546428 0.000000 0.000000 0.000000 10.000000
244.111182 39.374244 0.000000 0.000000 0.000000 9.000000
244.487401 39.536063 0.000000 0.000000 0.000000 9.000000
244.568175 39.388562 0.000000 0.000000 0.000000 8.000000
242.120195 40.433417 0.000000 0.000000 0.000000 8.000000
245.308342 39.255210 0.000000 0.000000 0.000000 9.000000
245.722784 39.119439 0.000000 0.000000 0.000000 8.000000
246.128672 39.067307 0.000000 0.000000 0.000000 9.000000
246.494792 39.268935 0.000000 0.000000 0.000000 9.000000
242.532363 40.320582 0.000000 0.000000 0.000000 9.000000
246.945996 40.493953 0.000000 0.000000 0.000000 9.000000
243.263787 40.495462 0.000000 0.000000 0.000000 9.000000
243.720736 40.363206 0.000000 0.000000 0.000000 9.000000
240.200146 39.572804 0.000000 0.000000 0.000000 8.000000
242.468458 36.614325 0.000000 0.000000 0.000000 8.000000
242.593197 36.804195 0.000000 0.000000 0.000000 8.000000
242.005855 36.606026 0.000000 0.000000 0.000000 10.000000
242.295805 37.200836 0.000000 0.000000 0.000000 9.000000
240.463094 39.698431 0.000000 0.000000 0.000000 10.000000
240.694357 39.795566 0.000000 0.000000 0.000000 9.000000
241.126139 39.838807 0.000000 0.000000 0.000000 10.000000
241.315585 39.888883 0.000000 0.000000 0.000000 9.000000
241.840649 39.212321 0.000000 0.000000 0.000000 8.000000
246.705784 41.856801 0.000000 0.000000 0.000000 8.000000
244.443993 39.924922 1.000000 0.000000 0.000000 12.000000
246.957923 39.345141 0.000000 0.000000 0.000000 9.000000
246.987843 41.817320 0.000000 0.000000 0.000000 9.000000
246.721966 40.671305 0.000000 0.000000 0.000000 9.000000
240.400075 39.499215 0.000000 0.000000 0.000000 10.000000
240.931359 39.486099 0.000000 0.000000 0.000000 10.000000
241.550397 39.133894 0.000000 0.000000 0.000000 10.000000
241.062240 39.268036 0.000000 0.000000 0.000000 10.000000
241.648731 39.454686 0.000000 0.000000 0.000000 10.000000
241.995131 38.728844 0.000000 0.000000 0.000000 10.000000
241.539787 38.724603 0.000000 0.000000 0.000000 10.000000
241.069586 38.980876 0.000000 0.000000 0.000000 10.000000
240.984628 38.704622 0.000000 0.000000 0.000000 10.000000
240.541473 38.761368 0.000000 0.000000 0.000000 9.000000
240.523233 40.779796 0.000000 0.000000 0.000000 9.000000
240.989835 40.242179 0.000000 0.000000 0.000000 8.000000
240.277548 39.908200 0.000000 0.000000 0.000000 10.000000
239.306805 38.829236 0.000000 0.000000 0.000000 6.000000
239.614415 39.046634 0.000000 0.000000 0.000000 6.000000
240.189282 39.123534 0.000000 0.000000 0.000000 8.000000
240.235163 38.760168 1.000000 0.000000 0.000000 3.000000
239.107013 39.466705 0.000000 0.000000 0.000000 10.000000
240.375673 41.357689 0.000000 0.000000 0.000000 9.000000
239.462699 39.337465 1.000000 0.000000 0.000000 1.000000
239.715586 39.937387 0.000000 0.000000 0.000000 10.000000
239.194038 40.418589 0.000000 0.000000 0.000000 10.000000
239.895024 39.602131 1.000000 0.000000 0.000000 3.000000
239.966146 39.292381 1.000000 0.000000 0.000000 3.000000
239.922736 40.288902 0.000000 0.000000 0.000000 10.000000
236.639950 41.807084 1.000000 0.000000 0.000000 4.000000
236.811214 41.272436 0.000000 1.000000 0.000000 10.000000
236.093881 40.024445 0.000000 1.000000 0.000000 10.000000
235.691925 40.247549 0.000000 0.000000 0.000000 10.000000
235.892792 40.422493 1.000000 0.000000 0.000000 11.000000
235.717218 40.504789 0.000000 1.000000 0.000000 8.000000
235.866729 40.551254 0.000000 0.000000 0.000000 9.000000
235.786915 40.637365 0.000000 0.000000 0.000000 10.000000
235.762964 40.691097 0.000000 1.000000 0.000000 10.000000
235.942709 40.219574 0.000000 0.000000 0.000000 10.000000
236.306658 40.119258 0.000000 0.000000 0.000000 8.000000
236.146734 40.245550 1.000000 0.000000 0.000000 12.000000
236.137171 40.435185 1.000000 0.000000 0.000000 12.000000
236.119823 40.543706 1.000000 0.000000 0.000000 12.000000
236.118540 40.668639 0.000000 0.000000 1.000000 12.000000
236.032348 40.791146 1.000000 0.000000 0.000000 12.000000
236.136719 40.880234 1.000000 0.000000 0.000000 12.000000
238.207479 36.485527 0.000000 0.000000 0.000000 10.000000
238.232753 36.228077 1.000000 0.000000 0.000000 11.000000
238.709664 35.945719 0.000000 0.000000 0.000000 10.000000
238.949098 36.302154 0.000000 0.000000 0.000000 10.000000
238.865140 36.425905 0.000000 0.000000 0.000000 10.000000
237.642858 37.471775 0.000000 1.000000 0.000000 10.000000
237.504946 37.528170 1.000000 0.000000 0.000000 11.000000
237.667634 37.534521 0.000000 0.000000 0.000000 9.000000
236.314429 42.098973 1.000000 0.000000 0.000000 11.000000
238.596759 36.292835 1.000000 0.000000 0.000000 11.000000
237.623243 37.914547 0.000000 0.000000 0.000000 10.000000
236.818752 38.495017 0.000000 0.000000 0.000000 8.000000
236.931110 38.313666 0.000000 1.000000 0.000000 8.000000
236.291060 39.117168 0.000000 0.000000 0.000000 8.000000
236.250662 39.261306 0.000000 1.000000 0.000000 8.000000
236.481846 39.150181 1.000000 0.000000 0.000000 11.000000
236.397456 39.352479 1.000000 0.000000 0.000000 11.000000
236.770434 38.667859 1.000000 0.000000 0.000000 12.000000
236.651569 38.987451 0.000000 0.000000 0.000000 10.000000
236.795951 39.241957 0.000000 0.000000 0.000000 10.000000
236.367737 42.275357 0.000000 0.000000 0.000000 8.000000
236.894809 39.319729 0.000000 0.000000 0.000000 8.000000
237.091857 38.122939 0.000000 1.000000 0.000000 7.000000
237.183741 38.185719 0.000000 1.000000 0.000000 8.000000
237.040690 38.664668 0.000000 0.000000 0.000000 8.000000
237.257356 38.298146 0.000000 1.000000 0.000000 8.000000
237.232612 38.428563 0.000000 0.000000 0.000000 8.000000
237.392548 38.259877 0.000000 1.000000 0.000000 10.000000
237.496560 38.263694 0.000000 1.000000 0.000000 8.000000
237.548296 38.239833 0.000000 0.000000 0.000000 10.000000
237.341564 38.559808 0.000000 1.000000 0.000000 8.000000
237.503998 38.423582 0.000000 1.000000 0.000000 8.000000
237.082993 38.866114 0.000000 0.000000 0.000000 10.000000
237.289465 38.666501 0.000000 1.000000 0.000000 8.000000
237.036934 39.398125 0.000000 0.000000 0.000000 8.000000
237.424205 38.777819 0.000000 0.000000 0.000000 8.000000
237.281431 39.260046 0.000000 0.000000 0.000000 10.000000
237.696130 39.109303 0.000000 0.000000 0.000000 10.000000
237.873283 37.069257 0.000000 0.000000 0.000000 10.000000
238.268155 36.816140 1.000000 0.000000 0.000000 11.000000
238.301960 36.879179 1.000000 0.000000 0.000000 4.000000
238.137264 36.962013 0.000000 0.000000 0.000000 10.000000
238.009161 37.201715 0.000000 0.000000 0.000000 10.000000
238.203429 37.001023 0.000000 0.000000 0.000000 10.000000
238.237048 37.048787 1.000000 0.000000 0.000000 11.000000
238.273790 37.002428 0.000000 0.000000 0.000000 10.000000
238.349366 37.104499 0.000000 0.000000 0.000000 8.000000
238.286038 37.203517 0.000000 0.000000 0.000000 10.000000
237.715177 37.342492 1.000000 0.000000 0.000000 10.000000
237.785714 37.329890 0.000000 0.000000 0.000000 10.000000
237.900949 37.336954 0.000000 0.000000 0.000000 10.000000
237.916734 37.539242 1.000000 0.000000 0.000000 11.000000
237.900219 37.722056 0.000000 0.000000 0.000000 10.000000
237.780938 37.863898 0.000000 0.000000 0.000000 9.000000
237.941670 37.713867 0.000000 0.000000 0.000000 8.000000
238.174413 37.336778 0.000000 0.000000 0.000000 8.000000
238.210401 37.532976 0.000000 0.000000 0.000000 8.000000
238.313062 37.601837 0.000000 0.000000 0.000000 7.000000
238.022042 37.749437 0.000000 0.000000 0.000000 10.000000
238.213599 37.818965 0.000000 0.000000 0.000000 6.000000
238.094587 36.621680 0.000000 0.000000 0.000000 8.000000
238.420956 36.724023 0.000000 0.000000 0.000000 10.000000
238.579714 36.800428 0.000000 0.000000 0.000000 10.000000
238.408772 36.858529 0.000000 0.000000 0.000000 10.000000
238.458456 36.814275 0.000000 0.000000 0.000000 10.000000
238.445537 36.903547 0.000000 0.000000 0.000000 10.000000
238.613168 36.637026 0.000000 0.000000 0.000000 10.000000
238.547230 36.849082 0.000000 1.000000 0.000000 10.000000
238.452211 36.962464 1.000000 0.000000 0.000000 4.000000
238.457965 37.007809 0.000000 0.000000 0.000000 6.000000
238.425739 37.213012 0.000000 0.000000 0.000000 10.000000
238.536815 36.953934 0.000000 1.000000 0.000000 5.000000
238.664846 36.918190 0.000000 0.000000 0.000000 10.000000
238.645481 37.010825 0.000000 0.000000 0.000000 8.000000
240.293878 37.713117 0.000000 0.000000 0.000000 10.000000
238.811565 36.559521 0.000000 0.000000 0.000000 10.000000
238.131302 37.975609 0.000000 0.000000 0.000000 10.000000
238.935588 36.611646 0.000000 0.000000 0.000000 10.000000
238.731561 36.950036 0.000000 0.000000 0.000000 10.000000
238.652049 36.811451 0.000000 0.000000 0.000000 10.000000
238.942270 37.169557 0.000000 0.000000 0.000000 10.000000
238.346989 37.478451 0.000000 0.000000 0.000000 10.000000
238.530803 37.489633 0.000000 0.000000 0.000000 10.000000
238.675146 37.581886 0.000000 0.000000 0.000000 10.000000
238.395159 37.931965 0.000000 0.000000 0.000000 10.000000
238.535964 37.755292 0.000000 0.000000 0.000000 9.000000
238.716727 37.385390 0.000000 0.000000 0.000000 10.000000
238.899419 37.433021 0.000000 1.000000 0.000000 10.000000
238.916048 37.711221 0.000000 0.000000 0.000000 10.000000
237.782460 38.152961 0.000000 0.000000 0.000000 8.000000
237.903855 38.025150 0.000000 0.000000 0.000000 9.000000
237.570823 38.577696 0.000000 1.000000 0.000000 8.000000
237.804669 38.444216 0.000000 0.000000 0.000000 10.000000
238.045804 38.530186 0.000000 1.000000 0.000000 10.000000
238.156472 38.183969 0.000000 1.000000 0.000000 8.000000
238.176764 38.380336 0.000000 0.000000 1.000000 4.000000
238.353588 38.473527 0.000000 1.000000 0.000000 6.000000
237.645445 38.999526 0.000000 0.000000 0.000000 10.000000
237.944786 39.243771 0.000000 0.000000 1.000000 12.000000
238.285449 38.657351 0.000000 0.000000 1.000000 4.000000
238.056936 39.145483 0.000000 1.000000 0.000000 10.000000
238.611921 38.115813 0.000000 1.000000 0.000000 6.000000
238.539487 38.283124 0.000000 1.000000 0.000000 10.000000
238.785413 38.321530 0.000000 1.000000 0.000000 10.000000
238.904834 38.645309 0.000000 0.000000 0.000000 10.000000
237.633114 37.192375 1.000000 0.000000 0.000000 11.000000
238.939243 35.711255 1.000000 0.000000 0.000000 11.000000
238.937981 35.790650 1.000000 0.000000 0.000000 11.000000
239.652392 35.544057 0.000000 0.000000 0.000000 10.000000
239.610538 35.841061 0.000000 0.000000 0.000000 10.000000
239.654785 35.837810 0.000000 0.000000 0.000000 10.000000
239.714743 35.806671 0.000000 0.000000 0.000000 10.000000
239.093153 35.933263 0.000000 0.000000 0.000000 10.000000
239.018518 36.417181 0.000000 0.000000 0.000000 10.000000
239.146943 36.515910 0.000000 0.000000 0.000000 10.000000
239.302166 36.024838 0.000000 0.000000 0.000000 10.000000
239.121096 36.140210 0.000000 0.000000 0.000000 10.000000
239.251182 36.106845 0.000000 0.000000 0.000000 10.000000
239.271747 36.178940 0.000000 0.000000 0.000000 10.000000
239.355227 35.922780 0.000000 0.000000 0.000000 10.000000
239.524723 36.007465 0.000000 0.000000 0.000000 10.000000
239.457006 36.089366 0.000000 0.000000 0.000000 10.000000
239.560117 36.123238 0.000000 0.000000 0.000000 10.000000
239.157615 35.697080 0.000000 0.000000 0.000000 10.000000
239.636438 36.051656 0.000000 0.000000 0.000000 10.000000
239.448140 35.974089 0.000000 0.000000 0.000000 10.000000
239.705940 36.015843 0.000000 0.000000 0.000000 10.000000
239.289801 36.256820 1.000000 0.000000 0.000000 10.000000
239.723019 36.304429 0.000000 0.000000 0.000000 10.000000
239.256946 36.806292 0.000000 0.000000 0.000000 10.000000
239.381424 36.634729 0.000000 1.000000 0.000000 10.000000
239.294703 37.054384 0.000000 1.000000 0.000000 7.000000
239.643400 36.739005 0.000000 1.000000 0.000000 10.000000
239.803240 37.352215 0.000000 0.000000 0.000000 10.000000
239.355540 37.795168 0.000000 0.000000 0.000000 9.000000
239.942079 36.947271 0.000000 0.000000 1.000000 3.000000
240.159800 37.901152 0.000000 0.000000 0.000000 9.000000
239.048761 38.089991 0.000000 0.000000 0.000000 10.000000
239.665662 38.735608 0.000000 0.000000 0.000000 10.000000
241.480198 37.177564 0.000000 0.000000 0.000000 10.000000
236.301623 39.529181 0.000000 1.000000 0.000000 10.000000
236.435453 39.554290 0.000000 0.000000 1.000000 1.000000
236.418149 39.685666 0.000000 1.000000 0.000000 8.000000
236.283101 39.863585 0.000000 0.000000 0.000000 10.000000
235.913856 41.559134 0.000000 1.000000 0.000000 10.000000
236.448148 39.905672 0.000000 0.000000 0.000000 10.000000
236.628145 39.452371 0.000000 0.000000 0.000000 10.000000
236.704919 39.707098 0.000000 0.000000 0.000000 10.000000
236.813213 39.492828 0.000000 0.000000 0.000000 10.000000
236.605051 39.897222 0.000000 1.000000 0.000000 8.000000
236.817518 39.962145 0.000000 0.000000 0.000000 10.000000
237.036558 39.845748 1.000000 0.000000 0.000000 2.000000
236.344262 40.256839 0.000000 0.000000 0.000000 9.000000
236.117393 41.151671 0.000000 0.000000 0.000000 9.000000
236.301069 40.575315 0.000000 0.000000 0.000000 9.000000
236.426935 40.478861 0.000000 0.000000 0.000000 10.000000
236.547953 40.082216 0.000000 0.000000 0.000000 10.000000
236.864417 40.324070 0.000000 0.000000 0.000000 10.000000
236.675857 40.732915 0.000000 0.000000 0.000000 10.000000
236.825495 40.546651 0.000000 0.000000 0.000000 8.000000
237.024245 39.621382 0.000000 0.000000 0.000000 10.000000
237.264127 39.493593 0.000000 0.000000 0.000000 10.000000
237.126362 39.726191 0.000000 0.000000 0.000000 8.000000
237.569515 39.528081 1.000000 0.000000 0.000000 11.000000
237.131195 40.296190 1.000000 0.000000 0.000000 11.000000
237.076971 40.747554 0.000000 0.000000 0.000000 9.000000
237.331749 40.034112 0.000000 0.000000 0.000000 5.000000
236.950176 39.409340 0.000000 1.000000 0.000000 6.000000
237.393099 40.650657 0.000000 0.000000 0.000000 10.000000
236.665789 40.887129 0.000000 0.000000 0.000000 10.000000
237.972027 39.929124 0.000000 1.000000 0.000000 10.000000
237.729193 40.271235 0.000000 0.000000 0.000000 8.000000
239.132535 39.794711 0.000000 0.000000 0.000000 8.000000
239.051538 41.183344 0.000000 0.000000 0.000000 10.000000
238.171996 40.905547 1.000000 0.000000 0.000000 3.000000
237.680648 40.731086 0.000000 0.000000 0.000000 10.000000
235.774212 42.209105 0.000000 0.000000 0.000000 10.000000
235.945952 42.860065 0.000000 0.000000 0.000000 9.000000
236.616580 42.503525 0.000000 0.000000 0.000000 10.000000
237.343628 42.190988 0.000000 0.000000 0.000000 10.000000
238.220302 42.259671 0.000000 0.000000 0.000000 8.000000
239.622389 42.468780 0.000000 0.000000 0.000000 10.000000
241.587527 42.254630 0.000000 0.000000 0.000000 7.000000
243.371291 36.071317 0.000000 0.000000 0.000000 9.000000
242.835327 36.022466 0.000000 0.000000 0.000000 8.000000
242.589999 36.159047 0.000000 0.000000 0.000000 10.000000
241.867566 36.466835 0.000000 0.000000 0.000000 9.000000
242.210539 36.531250 0.000000 0.000000 0.000000 9.000000
241.909376 36.570203 0.000000 0.000000 0.000000 9.000000
241.881637 36.975683 0.000000 0.000000 0.000000 9.000000
242.064190 37.231426 0.000000 0.000000 0.000000 8.000000
242.606110 34.462406 0.000000 0.000000 0.000000 8.000000
242.459132 33.562127 0.000000 0.000000 0.000000 10.000000
242.895303 32.889211 0.000000 0.000000 0.000000 10.000000
243.050482 32.733778 0.000000 0.000000 0.000000 6.000000
242.751306 33.355195 1.000000 0.000000 0.000000 11.000000
242.756063 32.666398 0.000000 0.000000 0.000000 10.000000
242.810321 33.439651 0.000000 0.000000 0.000000 6.000000
242.886626 33.502803 0.000000 1.000000 0.000000 6.000000
242.928407 33.235717 0.000000 0.000000 0.000000 10.000000
243.217068 33.493320 0.000000 0.000000 0.000000 10.000000
243.651462 32.975998 0.000000 0.000000 0.000000 10.000000
243.989207 32.822241 0.000000 0.000000 0.000000 10.000000
243.328586 33.240181 0.000000 0.000000 0.000000 10.000000
243.430673 33.059166 0.000000 0.000000 0.000000 8.000000
243.379160 33.375594 0.000000 0.000000 0.000000 8.000000
243.590959 33.210214 0.000000 0.000000 0.000000 8.000000
243.677712 33.260193 0.000000 1.000000 0.000000 5.000000
243.816926 33.213533 0.000000 0.000000 0.000000 5.000000
243.921189 33.201017 0.000000 0.000000 0.000000 5.000000
243.888391 33.296214 0.000000 0.000000 0.000000 5.000000
243.574094 33.523464 0.000000 0.000000 0.000000 5.000000
243.773175 33.574680 0.000000 0.000000 0.000000 5.000000
244.030548 32.887050 0.000000 0.000000 0.000000 5.000000
244.175108 32.954704 0.000000 0.000000 0.000000 5.000000
244.267932 32.759656 0.000000 0.000000 0.000000 5.000000
244.371606 33.044962 0.000000 1.000000 0.000000 6.000000
244.404046 32.750627 0.000000 0.000000 0.000000 6.000000
244.422968 32.834736 0.000000 0.000000 0.000000 6.000000
244.430434 32.898432 0.000000 0.000000 0.000000 6.000000
244.512088 32.979607 0.000000 1.000000 0.000000 7.000000
244.700069 32.690047 0.000000 0.000000 0.000000 10.000000
244.602088 32.875757 0.000000 0.000000 0.000000 10.000000
244.578089 32.982452 0.000000 0.000000 0.000000 10.000000
244.279817 32.948916 0.000000 0.000000 0.000000 10.000000
244.234153 33.516411 0.000000 0.000000 0.000000 10.000000
244.313000 33.423874 0.000000 0.000000 0.000000 10.000000
244.489802 33.081431 0.000000 1.000000 0.000000 9.000000
244.387595 33.199976 0.000000 0.000000 1.000000 1.000000
244.571295 33.247781 0.000000 0.000000 0.000000 5.000000
244.706083 32.890663 0.000000 1.000000 0.000000 6.000000
244.656668 33.143575 0.000000 0.000000 0.000000 10.000000
244.703899 33.886935 0.000000 0.000000 0.000000 10.000000
240.305552 37.562636 0.000000 0.000000 0.000000 10.000000
239.349825 34.907265 0.000000 0.000000 0.000000 10.000000
239.590248 35.010717 0.000000 0.000000 0.000000 10.000000
239.760147 34.870557 0.000000 0.000000 0.000000 10.000000
239.616606 35.106204 0.000000 0.000000 0.000000 6.000000
241.822426 34.376368 0.000000 0.000000 0.000000 10.000000
239.924691 35.020036 0.000000 0.000000 0.000000 10.000000
240.207560 34.507814 0.000000 0.000000 0.000000 10.000000
240.383592 34.630486 0.000000 0.000000 0.000000 10.000000
240.184642 34.888570 0.000000 0.000000 0.000000 10.000000
240.463936 35.086613 0.000000 0.000000 0.000000 10.000000
239.139725 35.304453 1.000000 0.000000 0.000000 11.000000
239.409104 35.166086 0.000000 0.000000 0.000000 8.000000
239.191856 35.425770 0.000000 0.000000 0.000000 10.000000
239.130260 35.635977 0.000000 1.000000 0.000000 10.000000
239.395244 35.754147 0.000000 1.000000 0.000000 8.000000
239.454549 35.327814 0.000000 0.000000 0.000000 10.000000
239.646170 35.440454 0.000000 0.000000 0.000000 10.000000
239.519564 35.624804 0.000000 0.000000 0.000000 10.000000
239.463398 35.792693 0.000000 0.000000 0.000000 10.000000
239.732971 35.633814 0.000000 0.000000 0.000000 10.000000
239.629045 35.747932 0.000000 0.000000 0.000000 10.000000
237.762387 37.061234 0.000000 0.000000 0.000000 10.000000
239.898576 35.235130 0.000000 0.000000 0.000000 10.000000
239.974978 35.279770 0.000000 0.000000 0.000000 10.000000
240.064658 35.316798 0.000000 0.000000 0.000000 10.000000
239.887499 35.534176 0.000000 0.000000 0.000000 10.000000
239.817948 35.702675 0.000000 0.000000 0.000000 10.000000
239.869363 35.801281 0.000000 0.000000 0.000000 10.000000
239.999321 35.686733 0.000000 0.000000 0.000000 10.000000
239.707398 35.688912 0.000000 0.000000 0.000000 10.000000
240.286777 35.318994 0.000000 0.000000 0.000000 10.000000
240.261965 35.731269 0.000000 1.000000 0.000000 7.000000
240.464192 35.499843 0.000000 0.000000 1.000000 12.000000
239.845115 35.927905 1.000000 0.000000 0.000000 12.000000
240.090638 35.934705 0.000000 0.000000 0.000000 10.000000
240.496053 34.466809 0.000000 0.000000 0.000000 10.000000
240.673659 34.599602 0.000000 0.000000 0.000000 10.000000
240.885378 34.660085 0.000000 0.000000 0.000000 10.000000
240.845428 34.856201 0.000000 0.000000 0.000000 10.000000
239.755038 35.686728 0.000000 0.000000 0.000000 10.000000
241.121031 34.835096 0.000000 0.000000 0.000000 10.000000
241.151970 34.792299 0.000000 0.000000 0.000000 10.000000
241.330575 34.694992 0.000000 0.000000 0.000000 10.000000
241.454545 34.771110 0.000000 0.000000 0.000000 10.000000
241.344412 34.944386 0.000000 0.000000 0.000000 10.000000
241.388344 35.138607 0.000000 0.000000 0.000000 8.000000
241.382401 34.838911 0.000000 0.000000 0.000000 5.000000
241.459132 34.821812 0.000000 0.000000 0.000000 5.000000
241.600943 34.618461 0.000000 1.000000 0.000000 10.000000
241.811255 34.982134 0.000000 0.000000 0.000000 10.000000
240.578833 35.418670 0.000000 1.000000 0.000000 6.000000
240.650609 35.622913 0.000000 0.000000 1.000000 2.000000
240.763346 35.743895 0.000000 0.000000 1.000000 4.000000
240.770712 36.324456 0.000000 0.000000 1.000000 1.000000
241.246422 35.420948 1.000000 0.000000 0.000000 1.000000
241.873487 35.254308 1.000000 0.000000 0.000000 1.000000
241.876232 35.377970 0.000000 0.000000 0.000000 10.000000
241.739961 35.667349 0.000000 0.000000 0.000000 10.000000
241.233284 36.231367 0.000000 0.000000 0.000000 10.000000
241.045403 36.585517 0.000000 0.000000 0.000000 10.000000
241.739501 36.093095 0.000000 0.000000 0.000000 10.000000
242.366113 34.286771 1.000000 0.000000 0.000000 12.000000
242.457837 34.215514 1.000000 0.000000 0.000000 12.000000
239.029998 35.669665 1.000000 0.000000 0.000000 12.000000
242.681085 34.304607 1.000000 0.000000 0.000000 12.000000
239.760968 35.694333 1.000000 0.000000 0.000000 12.000000
241.994234 35.038764 0.000000 0.000000 0.000000 10.000000
242.807772 35.620948 1.000000 0.000000 0.000000 12.000000
242.270997 34.509740 0.000000 0.000000 0.000000 10.000000
242.451139 34.634260 0.000000 0.000000 0.000000 10.000000
242.456607 34.987005 0.000000 0.000000 0.000000 6.000000
243.048357 33.892605 0.000000 0.000000 0.000000 6.000000
243.454253 34.019349 0.000000 0.000000 0.000000 6.000000
242.719478 34.534845 0.000000 0.000000 0.000000 6.000000
241.968661 34.332235 0.000000 0.000000 0.000000 6.000000
242.732400 34.785439 1.000000 0.000000 0.000000 11.000000
242.889809 34.620668 1.000000 0.000000 0.000000 11.000000
242.635249 35.116778 0.000000 0.000000 0.000000 8.000000
241.983525 35.152426 0.000000 0.000000 0.000000 10.000000
242.696770 35.238553 0.000000 0.000000 0.000000 10.000000
242.794940 35.387871 0.000000 0.000000 0.000000 8.000000
242.609867 35.896712 0.000000 0.000000 0.000000 8.000000
242.597164 35.697561 0.000000 0.000000 0.000000 10.000000
243.110477 35.998178 0.000000 0.000000 0.000000 10.000000
243.111603 35.710600 0.000000 0.000000 0.000000 8.000000
243.289732 34.192463 0.000000 0.000000 0.000000 8.000000
243.462535 34.217172 0.000000 0.000000 0.000000 8.000000
243.788123 33.865847 0.000000 0.000000 0.000000 10.000000
243.919772 33.959297 0.000000 0.000000 0.000000 10.000000
239.772106 35.729166 0.000000 0.000000 0.000000 10.000000
243.970496 34.716907 0.000000 0.000000 0.000000 10.000000
243.328546 34.936829 0.000000 0.000000 0.000000 10.000000
242.063333 34.341129 0.000000 0.000000 0.000000 10.000000
243.120375 34.462065 0.000000 0.000000 0.000000 10.000000
244.179347 33.741040 0.000000 0.000000 0.000000 10.000000
244.313397 33.994084 1.000000 0.000000 0.000000 11.000000
243.107181 34.062688 0.000000 0.000000 0.000000 10.000000
244.236275 34.425748 0.000000 0.000000 0.000000 10.000000
244.350188 35.204774 0.000000 0.000000 0.000000 10.000000
242.684481 34.187384 0.000000 0.000000 0.000000 10.000000
242.950036 34.196191 0.000000 0.000000 0.000000 10.000000
244.749737 34.731794 0.000000 0.000000 0.000000 8.000000
243.237090 35.204610 0.000000 0.000000 0.000000 10.000000
242.106667 35.424565 0.000000 0.000000 0.000000 10.000000
243.428355 35.320644 0.000000 0.000000 0.000000 10.000000
243.896068 35.141890 0.000000 0.000000 0.000000 10.000000
243.878197 35.525949 0.000000 0.000000 0.000000 10.000000
243.855080 35.785365 0.000000 0.000000 0.000000 10.000000
244.456050 35.472761 0.000000 0.000000 0.000000 10.000000
244.634135 35.162992 0.000000 0.000000 0.000000 10.000000
245.400595 34.188934 0.000000 0.000000 0.000000 10.000000
245.034856 34.844444 0.000000 0.000000 0.000000 10.000000
244.761723 35.291120 0.000000 0.000000 0.000000 8.000000
241.621475 37.973102 0.000000 0.000000 0.000000 10.000000
240.750647 37.934231 1.000000 0.000000 0.000000 4.000000
240.820627 37.375867 1.000000 0.000000 0.000000 1.000000
240.999557 37.613037 0.000000 0.000000 0.000000 10.000000
241.084060 37.605326 0.000000 0.000000 0.000000 10.000000
240.913925 37.785666 0.000000 0.000000 0.000000 10.000000
240.967012 37.913461 0.000000 0.000000 0.000000 10.000000
240.974219 37.696593 0.000000 0.000000 0.000000 10.000000
240.862009 37.839315 0.000000 0.000000 0.000000 10.000000
240.853293 37.962772 0.000000 0.000000 0.000000 8.000000
240.916301 37.914107 0.000000 0.000000 0.000000 10.000000
241.056521 37.734319 0.000000 0.000000 0.000000 10.000000
241.131291 37.654563 0.000000 0.000000 0.000000 10.000000
241.039592 37.891739 0.000000 0.000000 0.000000 10.000000
241.148080 37.878190 0.000000 0.000000 0.000000 10.000000
241.183329 37.591368 0.000000 0.000000 0.000000 10.000000
241.301838 37.561554 0.000000 0.000000 0.000000 8.000000
241.315597 37.495393 0.000000 0.000000 0.000000 10.000000
241.406544 37.541272 0.000000 0.000000 0.000000 10.000000
241.180012 37.677035 0.000000 0.000000 0.000000 10.000000
241.232294 37.754363 0.000000 0.000000 0.000000 10.000000
240.980787 37.800017 0.000000 0.000000 0.000000 10.000000
241.263770 37.903457 0.000000 0.000000 0.000000 10.000000
241.445099 37.891277 0.000000 0.000000 0.000000 10.000000
241.613017 37.563110 1.000000 0.000000 0.000000 11.000000
241.761548 37.589159 0.000000 0.000000 0.000000 10.000000
241.528340 37.737500 0.000000 0.000000 0.000000 10.000000
240.849810 38.057936 0.000000 0.000000 0.000000 10.000000
237.793678 41.294487 1.000000 0.000000 0.000000 3.000000
237.804162 41.344840 0.000000 0.000000 0.000000 5.000000
237.706151 41.381240 0.000000 0.000000 0.000000 10.000000
237.809088 41.479178 0.000000 0.000000 0.000000 10.000000
237.907336 41.453734 1.000000 0.000000 0.000000 4.000000
237.932322 41.409592 0.000000 0.000000 1.000000 2.000000
237.687329 41.463599 0.000000 0.000000 0.000000 9.000000
237.847077 41.531940 0.000000 0.000000 0.000000 9.000000
238.504095 40.473197 0.000000 0.000000 1.000000 3.000000
238.474245 40.456129 0.000000 0.000000 1.000000 2.000000
238.485490 40.465347 0.000000 1.000000 0.000000 5.000000
238.532559 40.465828 0.000000 0.000000 1.000000 3.000000
238.536922 40.508995 0.000000 0.000000 1.000000 3.000000
238.396213 40.492125 0.000000 1.000000 0.000000 10.000000
238.422803 40.539906 0.000000 1.000000 0.000000 8.000000
238.571791 40.409142 0.000000 0.000000 1.000000 3.000000
238.493062 41.711571 0.000000 0.000000 0.000000 9.000000
238.386985 41.585824 0.000000 0.000000 1.000000 3.000000
238.510014 41.616323 0.000000 1.000000 0.000000 8.000000
246.131697 42.878919 0.000000 0.000000 0.000000 8.000000
241.275223 37.380427 0.000000 0.000000 0.000000 5.000000
241.438931 37.439478 0.000000 0.000000 0.000000 8.000000
240.254393 37.088896 0.000000 0.000000 0.000000 10.000000
241.853303 37.280530 0.000000 0.000000 0.000000 10.000000
241.533227 37.273580 1.000000 0.000000 0.000000 11.000000
240.903938 34.263083 0.000000 0.000000 1.000000 4.000000
239.171750 41.359198 0.000000 0.000000 0.000000 10.000000
239.527238 41.332516 0.000000 0.000000 0.000000 8.000000
235.586703 42.442017 0.000000 0.000000 0.000000 8.000000
235.706744 42.076636 0.000000 0.000000 0.000000 8.000000
236.769001 42.691611 1.000000 0.000000 0.000000 1.000000
238.119872 42.579831 0.000000 0.000000 0.000000 10.000000
237.390365 42.727143 0.000000 0.000000 0.000000 10.000000
240.341298 42.546082 0.000000 0.000000 0.000000 10.000000
242.274570 42.020200 0.000000 0.000000 0.000000 9.000000
243.404023 33.598196 0.000000 0.000000 0.000000 8.000000
243.468978 33.557475 1.000000 0.000000 0.000000 11.000000
243.397426 33.495544 0.000000 0.000000 0.000000 10.000000
244.491594 32.829383 0.000000 0.000000 0.000000 10.000000
238.928442 37.698983 0.000000 0.000000 0.000000 9.000000
239.783808 35.693821 0.000000 0.000000 0.000000 9.000000
237.579544 41.830817 0.000000 0.000000 0.000000 10.000000
236.019210 41.845486 0.000000 0.000000 0.000000 10.000000
238.419166 36.799479 1.000000 0.000000 0.000000 12.000000
238.521235 36.744338 0.000000 0.000000 0.000000 10.000000
239.528270 35.946589 0.000000 0.000000 0.000000 10.000000
239.484622 35.929150 0.000000 0.000000 0.000000 10.000000
236.426869 40.478755 0.000000 0.000000 0.000000 10.000000
237.036243 39.845681 0.000000 0.000000 0.000000 10.000000
243.851874 34.508124 0.000000 0.000000 0.000000 10.000000
245.240652 32.497873 0.000000 0.000000 0.000000 9.000000
243.407473 33.537294 0.000000 0.000000 0.000000 9.000000
241.693649 33.927650 1.000000 0.000000 0.000000 11.000000
241.650931 34.021692 0.000000 0.000000 0.000000 7.000000
241.378545 34.836021 0.000000 0.000000 0.000000 10.000000
240.763245 35.743901 1.000000 0.000000 0.000000 3.000000
240.763281 35.743958 1.000000 0.000000 0.000000 3.000000
241.983393 35.152433 0.000000 0.000000 0.000000 10.000000
241.983465 35.152500 0.000000 0.000000 0.000000 10.000000
235.946056 42.861853 0.000000 0.000000 0.000000 10.000000
242.968219 33.389019 0.000000 0.000000 0.000000 10.000000
243.936213 31.559119 0.000000 0.000000 0.000000 10.000000
238.727586 35.708955 0.000000 0.000000 0.000000 10.000000
242.077427 34.508229 0.000000 0.000000 0.000000 8.000000
239.241404 36.186908 0.000000 0.000000 0.000000 8.000000
239.233157 36.180533 0.000000 0.000000 0.000000 8.000000
243.313628 36.901813 0.000000 0.000000 0.000000 8.000000
244.449549 32.490057 0.000000 0.000000 0.000000 8.000000
242.305520 34.925424 0.000000 0.000000 0.000000 10.000000
244.116268 32.417009 0.000000 0.000000 0.000000 10.000000
241.767094 34.071562 1.000000 0.000000 0.000000 2.000000
244.848723 31.588603 1.000000 0.000000 0.000000 2.000000
244.569105 31.816342 1.000000 0.000000 0.000000 2.000000
241.846314 33.902634 0.000000 0.000000 0.000000 5.000000
243.076252 33.687134 0.000000 0.000000 0.000000 5.000000
243.880159 36.579643 0.000000 0.000000 0.000000 8.000000
239.521561 35.919914 0.000000 0.000000 0.000000 8.000000
242.817909 33.835729 0.000000 0.000000 0.000000 10.000000
243.506007 33.819238 0.000000 0.000000 0.000000 10.000000
242.192906 34.091767 0.000000 0.000000 0.000000 8.000000
244.164566 31.313123 0.000000 0.000000 0.000000 8.000000
244.543664 32.377488 0.000000 0.000000 0.000000 8.000000
243.478764 32.288454 0.000000 0.000000 1.000000 11.000000
235.744801 41.782742 1.000000 0.000000 0.000000 11.000000
241.595742 33.743299 0.000000 0.000000 0.000000 10.000000
241.627833 33.779457 0.000000 0.000000 0.000000 9.000000
241.679409 33.773866 0.000000 0.000000 1.000000 12.000000
238.862650 36.161069 0.000000 0.000000 0.000000 10.000000
238.862517 36.161157 1.000000 0.000000 0.000000 1.000000
241.755185 34.628683 0.000000 0.000000 0.000000 10.000000
239.055571 39.974555 0.000000 0.000000 0.000000 10.000000
243.848543 34.683141 0.000000 0.000000 0.000000 10.000000
242.316649 35.338716 0.000000 0.000000 0.000000 8.000000
240.280000 34.499984 0.000000 0.000000 0.000000 8.000000
242.413524 33.444145 0.000000 0.000000 0.000000 8.000000
243.375313 34.643942 0.000000 0.000000 0.000000 8.000000
243.445710 36.715378 0.000000 0.000000 0.000000 8.000000
243.110749 35.425157 0.000000 0.000000 0.000000 1.000000
241.986648 34.000904 1.000000 0.000000 0.000000 11.000000
241.973827 34.019053 0.000000 0.000000 0.000000 8.000000
242.390571 33.674128 0.000000 0.000000 0.000000 8.000000
242.444677 33.485813 0.000000 0.000000 0.000000 10.000000
239.475171 35.899998 0.000000 0.000000 0.000000 10.000000
241.323566 34.235677 0.000000 1.000000 0.000000 8.000000
241.807073 34.875082 0.000000 0.000000 0.000000 10.000000
240.815563 34.541479 0.000000 0.000000 0.000000 10.000000
242.646664 34.089153 0.000000 1.000000 0.000000 9.000000
244.877165 40.617210 0.000000 0.000000 0.000000 9.000000
245.021967 32.972312 1.000000 0.000000 0.000000 2.000000
243.349922 36.316284 0.000000 0.000000 0.000000 8.000000
238.441731 37.666508 0.000000 0.000000 0.000000 5.000000
245.504278 32.688902 0.000000 1.000000 0.000000 8.000000
242.338511 33.553003 1.000000 0.000000 0.000000 11.000000
242.611698 34.607448 1.000000 0.000000 0.000000 11.000000
243.721102 34.255012 1.000000 0.000000 0.000000 11.000000
241.245491 34.459808 0.000000 0.000000 0.000000 10.000000
242.138296 34.205631 0.000000 0.000000 0.000000 10.000000
241.891023 34.088626 0.000000 0.000000 0.000000 6.000000
244.273623 32.649267 0.000000 0.000000 0.000000 6.000000
243.304313 33.912538 1.000000 0.000000 0.000000 12.000000
239.774956 40.591679 0.000000 0.000000 0.000000 8.000000
240.984315 41.868368 0.000000 0.000000 0.000000 8.000000
243.701015 35.971346 0.000000 0.000000 0.000000 9.000000
243.984417 34.624259 0.000000 0.000000 0.000000 7.000000
241.736127 34.102864 1.000000 0.000000 0.000000 11.000000
243.789375 36.730455 0.000000 0.000000 0.000000 8.000000
241.521369 34.438626 0.000000 0.000000 0.000000 10.000000
237.795734 37.416520 1.000000 0.000000 0.000000 11.000000
243.745941 33.192624 0.000000 0.000000 0.000000 10.000000
240.115711 39.314278 0.000000 0.000000 0.000000 10.000000
244.022157 33.292229 0.000000 0.000000 0.000000 10.000000
244.412517 36.319592 0.000000 0.000000 0.000000 8.000000
240.475632 33.247878 0.000000 0.000000 0.000000 8.000000
243.192209 34.035213 1.000000 0.000000 0.000000 1.000000
240.935665 34.319942 0.000000 0.000000 0.000000 10.000000
242.439738 33.380752 1.000000 0.000000 0.000000 11.000000
241.353836 34.059346 0.000000 0.000000 0.000000 10.000000
242.151222 33.992657 0.000000 0.000000 0.000000 10.000000
239.934776 34.004339 0.000000 0.000000 0.000000 10.000000
245.104602 42.612694 0.000000 0.000000 0.000000 10.000000
243.662207 36.644622 0.000000 0.000000 0.000000 8.000000
238.179400 39.205837 0.000000 0.000000 1.000000 11.000000
239.930443 34.607233 0.000000 0.000000 0.000000 10.000000
242.321716 34.381851 0.000000 0.000000 1.000000 11.000000
243.425726 36.931616 0.000000 0.000000 0.000000 6.000000
239.639662 35.917412 0.000000 0.000000 0.000000 6.000000
241.585428 35.158184 0.000000 0.000000 0.000000 6.000000
243.922749 33.650641 0.000000 0.000000 0.000000 6.000000
242.233202 33.549639 0.000000 0.000000 0.000000 10.000000
243.770294 36.934850 0.000000 0.000000 0.000000 9.000000
239.867434 34.483477 0.000000 0.000000 0.000000 9.000000
243.839538 33.641247 0.000000 0.000000 0.000000 9.000000
246.368364 31.335519 0.000000 0.000000 0.000000 9.000000
242.950592 39.542173 0.000000 0.000000 0.000000 9.000000
242.815959 38.097194 0.000000 0.000000 0.000000 9.000000
241.669394 33.797801 0.000000 0.000000 0.000000 9.000000
241.163333 34.247959 0.000000 0.000000 0.000000 6.000000
242.235106 35.808565 1.000000 0.000000 0.000000 10.000000
241.771426 34.878860 0.000000 0.000000 0.000000 10.000000
235.849134 41.053888 0.000000 0.000000 0.000000 9.000000
243.469455 34.838597 0.000000 0.000000 0.000000 10.000000
241.742495 40.403201 1.000000 0.000000 0.000000 11.000000
242.274477 33.972457 0.000000 1.000000 0.000000 6.000000
241.558087 34.069124 0.000000 0.000000 0.000000 10.000000
240.156183 34.413309 0.000000 0.000000 0.000000 10.000000
244.757271 36.247296 0.000000 0.000000 1.000000 1.000000
245.945649 36.773432 1.000000 0.000000 0.000000 11.000000
241.197720 39.627113 0.000000 0.000000 0.000000 10.000000
241.714883 34.023953 0.000000 0.000000 0.000000 6.000000
241.722673 34.019516 0.000000 0.000000 0.000000 10.000000
243.914663 33.030066 0.000000 0.000000 0.000000 10.000000
239.338904 35.311807 1.000000 0.000000 0.000000 11.000000
240.516138 34.851505 0.000000 0.000000 0.000000 10.000000
238.053059 38.394532 0.000000 0.000000 0.000000 4.000000
241.779997 34.178568 0.000000 0.000000 0.000000 6.000000
241.485584 34.126450 0.000000 0.000000 0.000000 10.000000
240.762328 34.275768 0.000000 1.000000 0.000000 7.000000
241.515458 34.293195 0.000000 0.000000 0.000000 7.000000
239.383546 34.556315 0.000000 0.000000 0.000000 7.000000
241.878840 34.501483 0.000000 0.000000 0.000000 10.000000
241.706174 33.712643 0.000000 0.000000 0.000000 10.000000
242.806813 33.225017 0.000000 0.000000 0.000000 10.000000
242.007949 34.030917 0.000000 0.000000 0.000000 10.000000
241.443020 35.738390 0.000000 0.000000 0.000000 6.000000
241.346113 37.664333 0.000000 0.000000 0.000000 9.000000
242.088887 34.061900 0.000000 1.000000 0.000000 9.000000
241.016310 35.010850 0.000000 0.000000 0.000000 10.000000
241.968828 33.979887 0.000000 1.000000 0.000000 6.000000
241.648045 35.695055 0.000000 0.000000 0.000000 10.000000
243.608217 33.934759 0.000000 0.000000 0.000000 10.000000
237.859370 37.652654 1.000000 0.000000 0.000000 11.000000
237.859430 37.652646 0.000000 1.000000 0.000000 10.000000
241.258480 34.568501 0.000000 0.000000 0.000000 10.000000
241.686889 36.152112 1.000000 0.000000 0.000000 4.000000
241.944085 34.226123 0.000000 0.000000 1.000000 4.000000
241.585706 34.259427 0.000000 0.000000 0.000000 10.000000
244.418105 33.038325 0.000000 0.000000 0.000000 8.000000
241.940740 34.043240 0.000000 1.000000 0.000000 6.000000
243.068333 34.669015 0.000000 0.000000 0.000000 10.000000
241.757613 35.695569 0.000000 0.000000 0.000000 7.000000
241.572390 33.958155 0.000000 0.000000 0.000000 7.000000
244.421221 33.278837 0.000000 0.000000 0.000000 10.000000
243.346142 33.955315 0.000000 0.000000 0.000000 9.000000
244.077766 32.647567 1.000000 0.000000 0.000000 11.000000
